2018-03-29T14:38:36.418Z - normal: Load ~/.CocosCreator/settings.json
2018-03-29T14:38:36.423Z - normal: checking language setting...
2018-03-29T14:38:36.423Z - normal: Language: zh
2018-03-29T14:38:38.360Z - success: protocol editor-framework registered
2018-03-29T14:38:38.360Z - success: protocol app registered
2018-03-29T14:38:38.360Z - success: protocol theme registered
2018-03-29T14:38:38.361Z - success: protocol packages registered
2018-03-29T14:38:38.361Z - success: protocol unpack registerred
2018-03-29T14:38:38.361Z - success: protocol disable-commonjs registerred
2018-03-29T14:38:38.785Z - normal: connected!
2018-03-29T14:38:38.786Z - normal: Check project D:\develop\pianoTLs\pianotile
2018-03-29T14:38:38.788Z - normal: Initializing Cocos2d
2018-03-29T14:38:39.052Z - normal: Initializing Asset Database
2018-03-29T14:38:39.090Z - success: protocol uuid registerred
2018-03-29T14:38:39.090Z - success: protocol db registerred
2018-03-29T14:38:39.090Z - success: protocol thumbnail registerred
2018-03-29T14:38:39.090Z - normal: Loading editor/builtin packages
2018-03-29T14:38:39.110Z - success: anysdk loaded
2018-03-29T14:38:39.245Z - success: assets loaded
2018-03-29T14:38:39.248Z - success: builder loaded
2018-03-29T14:38:39.251Z - success: cocos-analytics loaded
2018-03-29T14:38:39.253Z - success: console loaded
2018-03-29T14:38:39.293Z - success: fb-instant-games loaded
2018-03-29T14:38:39.296Z - success: hierarchy loaded
2018-03-29T14:38:39.299Z - success: inspector loaded
2018-03-29T14:38:39.300Z - success: keystore loaded
2018-03-29T14:38:39.303Z - success: node-library loaded
2018-03-29T14:38:39.305Z - success: package-asset loaded
2018-03-29T14:38:39.306Z - success: preferences loaded
2018-03-29T14:38:39.307Z - success: project-exporter loaded
2018-03-29T14:38:39.323Z - success: project-importer loaded
2018-03-29T14:38:39.324Z - success: project-settings loaded
2018-03-29T14:38:39.326Z - success: ui-kit loaded
2018-03-29T14:38:39.327Z - success: ui-grid loaded
2018-03-29T14:38:39.330Z - success: scene loaded
2018-03-29T14:38:39.331Z - success: sprite-editor loaded
2018-03-29T14:38:39.334Z - success: store loaded
2018-03-29T14:38:39.337Z - success: timeline loaded
2018-03-29T14:38:39.337Z - normal: Loading builtin packages
2018-03-29T14:38:39.339Z - success: asset-db-debugger loaded
2018-03-29T14:38:39.340Z - success: code-editor loaded
2018-03-29T14:38:39.341Z - success: color-picker loaded
2018-03-29T14:38:39.343Z - success: package-manager loaded
2018-03-29T14:38:39.347Z - success: sdkbox loaded
2018-03-29T14:38:39.349Z - success: tester loaded
2018-03-29T14:38:39.351Z - success: ui-kit-preview-extra loaded
2018-03-29T14:38:39.352Z - success: ui-kit-preview loaded
2018-03-29T14:38:39.353Z - success: ui-tree loaded
2018-03-29T14:38:40.518Z - normal: Initializing project D:\develop\pianoTLs\pianotile
2018-03-29T14:38:40.522Z - normal: Loading packages
2018-03-29T14:38:40.527Z - normal: Watching packages
2018-03-29T14:38:40.539Z - normal: Run Application
2018-03-29T14:38:42.056Z - success: preview server running at http://localhost:7456
2018-03-29T14:38:50.119Z - normal: 1.9.0
2018-03-29T14:40:47.516Z - info: 只有预制节点 "begin-block" 及其子节点会被保存。
2018-03-29T15:50:43.237Z - warn: [db-task][sync-changes] Backup unused meta file: db://assets/json/songs/song.js.meta
2018-03-29T15:59:53.156Z - warn: [db-task][sync-changes] Backup unused meta file: db://assets/resources/json/songs/song.json.meta
2018-03-29T16:00:32.829Z - warn: [db-task][sync-changes] Backup unused meta file: db://assets/resources/json.meta
